mode: set
webapp/cmd/web/handlers.go:18.70,20.2 1 1
webapp/cmd/web/handlers.go:22.108,25.16 2 1
webapp/cmd/web/handlers.go:30.2,34.16 3 1
webapp/cmd/web/handlers.go:37.2,37.12 1 1
webapp/cmd/web/handlers.go:25.16,28.3 2 0
webapp/cmd/web/handlers.go:34.16,36.3 1 0
webapp/cmd/web/handlers.go:40.71,42.16 2 0
webapp/cmd/web/handlers.go:48.2,53.22 4 0
webapp/cmd/web/handlers.go:42.16,46.3 3 0
webapp/cmd/web/main.go:10.13,22.16 5 0
webapp/cmd/web/main.go:22.16,24.3 1 0
webapp/cmd/web/middleware.go:14.67,16.2 1 1
webapp/cmd/web/middleware.go:18.72,19.71 1 1
webapp/cmd/web/middleware.go:19.71,24.17 3 1
webapp/cmd/web/middleware.go:33.3,33.40 1 1
webapp/cmd/web/middleware.go:24.17,26.20 2 1
webapp/cmd/web/middleware.go:29.4,29.60 1 1
webapp/cmd/web/middleware.go:26.20,28.5 1 1
webapp/cmd/web/middleware.go:30.9,32.4 1 1
webapp/cmd/web/middleware.go:37.45,39.16 2 1
webapp/cmd/web/middleware.go:43.2,44.19 2 1
webapp/cmd/web/middleware.go:48.2,49.22 2 1
webapp/cmd/web/middleware.go:53.2,53.18 1 1
webapp/cmd/web/middleware.go:57.2,57.16 1 1
webapp/cmd/web/middleware.go:39.16,41.3 1 1
webapp/cmd/web/middleware.go:44.19,46.3 1 1
webapp/cmd/web/middleware.go:49.22,51.3 1 1
webapp/cmd/web/middleware.go:53.18,55.3 1 0
webapp/cmd/web/routes.go:10.47,26.2 8 1
webapp/cmd/web/forms.go:10.42,12.26 2 1
webapp/cmd/web/forms.go:15.2,15.22 1 1
webapp/cmd/web/forms.go:12.26,14.3 1 1
webapp/cmd/web/forms.go:18.44,20.2 1 1
webapp/cmd/web/forms.go:27.37,32.2 1 1
webapp/cmd/web/forms.go:34.39,37.2 2 1
webapp/cmd/web/forms.go:39.43,40.31 1 1
webapp/cmd/web/forms.go:40.31,42.37 2 1
webapp/cmd/web/forms.go:42.37,44.4 1 1
webapp/cmd/web/forms.go:48.52,49.9 1 1
webapp/cmd/web/forms.go:49.9,51.3 1 1
webapp/cmd/web/forms.go:54.29,56.2 1 1
